#
# There is insufficient memory for the Java Runtime Environment to continue.
# Native memory allocation (malloc) failed to allocate 1816656 bytes for Chunk::new
# Possible reasons:
#   The system is out of physical RAM or swap space
#   The process is running with CompressedOops enabled, and the Java Heap may be blocking the growth of the native heap
# Possible solutions:
#   Reduce memory load on the system
#   Increase physical memory or swap space
#   Check if swap backing store is full
#   Decrease Java heap size (-Xmx/-Xms)
#   Decrease number of Java threads
#   Decrease Java thread stack sizes (-Xss)
#   Set larger code cache with -XX:ReservedCodeCacheSize=
#   JVM is running with Zero Based Compressed Oops mode in which the Java heap is
#     placed in the first 32GB address space. The Java Heap base address is the
#     maximum limit for the native heap growth. Please use -XX:HeapBaseMinAddress
#     to set the Java Heap base and to place the Java Heap above 32GB virtual address.
# This output file may be truncated or incomplete.
#
#  Out of Memory Error (arena.cpp:191), pid=9888, tid=34928
#
# JRE version: OpenJDK Runtime Environment Temurin-17.0.9+9 (17.0.9+9) (build 17.0.9+9)
# Java VM: OpenJDK 64-Bit Server VM Temurin-17.0.9+9 (17.0.9+9, mixed mode, tiered, compressed oops, compressed class ptrs, g1 gc, windows-amd64)
# No core dump will be written. Minidumps are not enabled by default on client versions of Windows
#

---------------  S U M M A R Y ------------

Command Line: -ea -Dfile.encoding=UTF-8 -Dstdout.encoding=UTF-8 -Dstderr.encoding=UTF-8 -XX:+ShowCodeDetailsInExceptionMessages org.testng.remote.RemoteTestNG -serport 64863 -protocol json -d D:\Automation\MM_Project\Material_Management_Product\test-output D:\Automation\MM_Project\Material_Management_Product\TestNG xml files\Department\allappstesting.xml

Host: Intel(R) Core(TM) i5-7200U CPU @ 2.50GHz, 4 cores, 15G,  Windows 10 , 64 bit Build 19041 (10.0.19041.5915)
Time: Wed Feb 11 18:06:02 2026 India Standard Time elapsed time: 6.843833 seconds (0d 0h 0m 6s)

---------------  T H R E A D  ---------------

Current thread (0x00000237fe7e7040):  JavaThread "C2 CompilerThread1" daemon [_thread_in_native, id=34928, stack(0x000000ec2dc00000,0x000000ec2dd00000)]


Current CompileTask:
C2:   6843 3300       4       sun.reflect.annotation.AnnotationInvocationHandler::memberValueToString (375 bytes)

Stack: [0x000000ec2dc00000,0x000000ec2dd00000]
Native frames: (J=compiled Java code, j=interpreted, Vv=VM code, C=native code)
V  [jvm.dll+0x67cf49]
V  [jvm.dll+0x83478a]
V  [jvm.dll+0x83624e]
V  [jvm.dll+0x8368b3]
V  [jvm.dll+0x247f1f]
V  [jvm.dll+0xac43c]
V  [jvm.dll+0xaca8c]
V  [jvm.dll+0x367012]
V  [jvm.dll+0x3313ba]
V  [jvm.dll+0x33085a]
V  [jvm.dll+0x21a5b1]
V  [jvm.dll+0x2199d1]
V  [jvm.dll+0x1a57cd]
V  [jvm.dll+0x2297ae]
V  [jvm.dll+0x22797c]
V  [jvm.dll+0x7e9877]
V  [jvm.dll+0x7e3c3a]
V  [jvm.dll+0x67be35]
C  [ucrtbase.dll+0x21bb2]
C  [KERNEL32.DLL+0x17374]
C  [ntdll.dll+0x4cc91]


---------------  P R O C E S S  ---------------

Threads class SMR info:
_java_thread_list=0x00000237fe7e5120, length=33, elements={
0x00000237dcadd7a0, 0x00000237fcf043e0, 0x00000237fcf05990, 0x00000237fcf2c290,
0x00000237fcf2db70, 0x00000237fcf2f380, 0x00000237fcf303f0, 0x00000237fcf34c90,
0x00000237fcf35df0, 0x00000237fcf38710, 0x00000237fd0b9030, 0x00000237fd0dc6a0,
0x00000237fe653010, 0x00000237fe4efd30, 0x00000237fe31a370, 0x00000237ffb118b0,
0x00000237ff7358f0, 0x00000237ff736310, 0x00000237ff7344b0, 0x00000237ff735e00,
0x00000237ff733fa0, 0x00000237ff733580, 0x00000237ff736820, 0x00000237ff733070,
0x00000237ff733a90, 0x00000237ff7349c0, 0x00000237ff7353e0, 0x00000237ff734ed0,
0x00000237fe082fb0, 0x00000237fe080c40, 0x00000237fe082590, 0x00000237fe07bb40,
0x00000237fe7e7040
}

Java Threads: ( => current thread )
  0x00000237dcadd7a0 JavaThread "Forwarding get on session a175092a786d6653cf34c7df63db5dec to remote" [_thread_blocked, id=33356, stack(0x000000ec2b100000,0x000000ec2b200000)]
  0x00000237fcf043e0 JavaThread "Reference Handler" daemon [_thread_blocked, id=35284, stack(0x000000ec2b800000,0x000000ec2b900000)]
  0x00000237fcf05990 JavaThread "Finalizer" daemon [_thread_blocked, id=8588, stack(0x000000ec2b900000,0x000000ec2ba00000)]
  0x00000237fcf2c290 JavaThread "Signal Dispatcher" daemon [_thread_blocked, id=35472, stack(0x000000ec2ba00000,0x000000ec2bb00000)]
  0x00000237fcf2db70 JavaThread "Attach Listener" daemon [_thread_blocked, id=27140, stack(0x000000ec2bb00000,0x000000ec2bc00000)]
  0x00000237fcf2f380 JavaThread "Service Thread" daemon [_thread_blocked, id=35740, stack(0x000000ec2bc00000,0x000000ec2bd00000)]
  0x00000237fcf303f0 JavaThread "Monitor Deflation Thread" daemon [_thread_blocked, id=34348, stack(0x000000ec2bd00000,0x000000ec2be00000)]
  0x00000237fcf34c90 JavaThread "C2 CompilerThread0" daemon [_thread_blocked, id=32988, stack(0x000000ec2be00000,0x000000ec2bf00000)]
  0x00000237fcf35df0 JavaThread "C1 CompilerThread0" daemon [_thread_blocked, id=22688, stack(0x000000ec2bf00000,0x000000ec2c000000)]
  0x00000237fcf38710 JavaThread "Sweeper thread" daemon [_thread_blocked, id=13444, stack(0x000000ec2c000000,0x000000ec2c100000)]
  0x00000237fd0b9030 JavaThread "Notification Thread" daemon [_thread_blocked, id=20052, stack(0x000000ec2c100000,0x000000ec2c200000)]
  0x00000237fd0dc6a0 JavaThread "Common-Cleaner" daemon [_thread_blocked, id=34824, stack(0x000000ec2c300000,0x000000ec2c400000)]
  0x00000237fe653010 JavaThread "ReaderThread" [_thread_in_native, id=31460, stack(0x000000ec2c900000,0x000000ec2ca00000)]
  0x00000237fe4efd30 JavaThread "ForkJoinPool.commonPool-worker-1" daemon [_thread_blocked, id=35188, stack(0x000000ec2ca00000,0x000000ec2cb00000)]
  0x00000237fe31a370 JavaThread "ForkJoinPool.commonPool-worker-2" daemon [_thread_blocked, id=33924, stack(0x000000ec2cb00000,0x000000ec2cc00000)]
  0x00000237ffb118b0 JavaThread "ForkJoinPool.commonPool-worker-3" daemon [_thread_blocked, id=33092, stack(0x000000ec2cc00000,0x000000ec2cd00000)]
  0x00000237ff7358f0 JavaThread "HttpClient-1-SelectorManager" daemon [_thread_in_native, id=2692, stack(0x000000ec2cd00000,0x000000ec2ce00000)]
  0x00000237ff736310 JavaThread "External Process Output Forwarder - C:\Users\HAVE A NICE DAY\.cache\selenium\chromedriver\win64\144.0.7559.133\chromedriver.exe" daemon [_thread_in_native, id=16532, stack(0x000000ec2ce00000,0x000000ec2cf00000)]
  0x00000237ff7344b0 JavaThread "Driver Service Executor" daemon [_thread_blocked, id=16528, stack(0x000000ec2cf00000,0x000000ec2d000000)]
  0x00000237ff735e00 JavaThread "Driver Service Executor" daemon [_thread_in_native, id=7648, stack(0x000000ec2d000000,0x000000ec2d100000)]
  0x00000237ff733fa0 JavaThread "UrlChecker-2" daemon [_thread_blocked, id=35136, stack(0x000000ec2d100000,0x000000ec2d200000)]
  0x00000237ff733580 JavaThread "Keep-Alive-Timer" daemon [_thread_blocked, id=15416, stack(0x000000ec2c700000,0x000000ec2c800000)]
  0x00000237ff736820 JavaThread "JdkHttpClient-0-0" daemon [_thread_blocked, id=14004, stack(0x000000ec2d200000,0x000000ec2d300000)]
  0x00000237ff733070 JavaThread "CompletableFutureDelayScheduler" daemon [_thread_blocked, id=35764, stack(0x000000ec2d300000,0x000000ec2d400000)]
  0x00000237ff733a90 JavaThread "JdkHttpClient-0-1" daemon [_thread_blocked, id=33852, stack(0x000000ec2d400000,0x000000ec2d500000)]
  0x00000237ff7349c0 JavaThread "JdkHttpClient-0-2" daemon [_thread_blocked, id=20788, stack(0x000000ec2d500000,0x000000ec2d600000)]
  0x00000237ff7353e0 JavaThread "JdkHttpClient-0-3" daemon [_thread_blocked, id=35260, stack(0x000000ec2d600000,0x000000ec2d700000)]
  0x00000237ff734ed0 JavaThread "HttpClient-2-SelectorManager" daemon [_thread_in_native, id=29948, stack(0x000000ec2d700000,0x000000ec2d800000)]
  0x00000237fe082fb0 JavaThread "JdkHttpClient-1-0" daemon [_thread_blocked, id=21792, stack(0x000000ec2d800000,0x000000ec2d900000)]
  0x00000237fe080c40 JavaThread "JdkHttpClient-1-1" daemon [_thread_blocked, id=32708, stack(0x000000ec2d900000,0x000000ec2da00000)]
  0x00000237fe082590 JavaThread "JdkHttpClient-1-2" daemon [_thread_blocked, id=33568, stack(0x000000ec2da00000,0x000000ec2db00000)]
  0x00000237fe07bb40 JavaThread "JdkHttpClient-1-3" daemon [_thread_blocked, id=15700, stack(0x000000ec2db00000,0x000000ec2dc00000)]
=>0x00000237fe7e7040 JavaThread "C2 CompilerThread1" daemon [_thread_in_native, id=34928, stack(0x000000ec2dc00000,0x000000ec2dd00000)]

Other Threads:
  0x00000237fcedf620 VMThread "VM Thread" [stack: 0x000000ec2b700000,0x000000ec2b800000] [id=34312]
  0x00000237fcfe09a0 WatcherThread [stack: 0x000000ec2c200000,0x000000ec2c300000] [id=19052]
  0x00000237debd8c30 GCTaskThread "GC Thread#0" [stack: 0x000000ec2b200000,0x000000ec2b300000] [id=18288]
  0x00000237fd54c650 GCTaskThread "GC Thread#1" [stack: 0x000000ec2c400000,0x000000ec2c500000] [id=28112]
  0x00000237fd54c910 GCTaskThread "GC Thread#2" [stack: 0x000000ec2c500000,0x000000ec2c600000] [id=35148]
  0x00000237fd54b110 GCTaskThread "GC Thread#3" [stack: 0x000000ec2c600000,0x000000ec2c700000] [id=29460]
  0x00000237debeb090 ConcurrentGCThread "G1 Main Marker" [stack: 0x000000ec2b300000,0x000000ec2b400000] [id=18004]
  0x00000237debeb9c0 ConcurrentGCThread "G1 Conc#0" [stack: 0x000000ec2b400000,0x000000ec2b500000] [id=25720]
  0x00000237fcd344f0 ConcurrentGCThread "G1 Refine#0" [stack: 0x000000ec2b500000,0x000000ec2b600000] [id=18792]
  0x00000237dec1d690 ConcurrentGCThread "G1 Service" [stack: 0x000000ec2b600000,0x000000ec2b700000] [id=35368]

Threads with active compile tasks:
C2 CompilerThread1     6890 3300       4       sun.reflect.annotation.AnnotationInvocationHandler::memberValueToString (375 bytes)

VM state: not at safepoint (normal execution)

VM Mutex/Monitor currently owned by a thread: None

Heap address: 0x0000000701a00000, size: 4070 MB, Compressed Oops mode: Zero based, Oop shift amount: 3

CDS archive(s) not mapped
Compressed class space mapped at: 0x0000000800000000-0x0000000840000000, reserved size: 1073741824
Narrow klass base: 0x0000000800000000, Narrow klass shift: 0, Narrow klass range: 0x40000000

GC Precious Log:
 CPUs: 4 total, 4 available
 Memory: 16275M
 Large Page Support: Disabled
 NUMA Support: Disabled
 Compressed Oops: Enabled (Zero based)
 Heap Region Size: 2M
 Heap Min Capacity: 8M
 Heap Initial Capacity: 256M
 Heap Max Capacity: 4070M
 Pre-touch: Disabled
 Parallel Workers: 4
 Concurrent Workers: 1
 Concurrent Refinement Workers: 4
 Periodic GC: Disabled

Heap:
 garbage-first heap   total 151552K, used 43137K [0x0000000701a00000, 0x0000000800000000)
  region size 2048K, 14 young (28672K), 1 survivors (2048K)
 Metaspace       used 34441K, committed 34816K, reserved 1114112K
  class space    used 3843K, committed 4032K, reserved 1048576K

Heap Regions: E=young(eden), S=young(survivor), O=old, HS=humongous(starts), HC=humongous(continues), CS=collection set, F=free, OA=open archive, CA=closed archive, TAMS=top-at-mark-start (previous, next)
|   0|0x0000000701a00000, 0x0000000701c00000, 0x0000000701c00000|100%| O|  |TAMS 0x0000000701c00000, 0x0000000701a00000| Untracked 
|   1|0x0000000701c00000, 0x0000000701e00000, 0x0000000701e00000|100%| O|  |TAMS 0x0000000701e00000, 0x0000000701c00000| Untracked 
|   2|0x0000000701e00000, 0x0000000702000000, 0x0000000702000000|100%| O|  |TAMS 0x0000000702000000, 0x0000000701e00000| Untracked 
|   3|0x0000000702000000, 0x0000000702200000, 0x0000000702200000|100%| O|  |TAMS 0x0000000702000000, 0x0000000702000000| Untracked 
|   4|0x0000000702200000, 0x0000000702400000, 0x0000000702400000|100%| O|  |TAMS 0x0000000702200000, 0x0000000702200000| Untracked 
|   5|0x0000000702400000, 0x0000000702600000, 0x0000000702600000|100%| O|  |TAMS 0x0000000702400000, 0x0000000702400000| Untracked 
|   6|0x0000000702600000, 0x0000000702800000, 0x0000000702800000|100%| O|  |TAMS 0x0000000702600000, 0x0000000702600000| Untracked 
|   7|0x0000000702800000, 0x0000000702a00000, 0x0000000702a00000|100%| O|  |TAMS 0x0000000702800000, 0x0000000702800000| Untracked 
|   8|0x0000000702a00000, 0x0000000702af9400, 0x0000000702c00000| 48%| O|  |TAMS 0x0000000702a00000, 0x0000000702a00000| Untracked 
|   9|0x0000000702c00000, 0x0000000702c00000, 0x0000000702e00000|  0%| F|  |TAMS 0x0000000702c00000, 0x0000000702c00000| Untracked 
|  10|0x0000000702e00000, 0x0000000702e00000, 0x0000000703000000|  0%| F|  |TAMS 0x0000000702e00000, 0x0000000702e00000| Untracked 
|  11|0x0000000703000000, 0x0000000703000000, 0x0000000703200000|  0%| F|  |TAMS 0x0000000703000000, 0x0000000703000000| Untracked 
|  12|0x0000000703200000, 0x0000000703200000, 0x0000000703400000|  0%| F|  |TAMS 0x0000000703200000, 0x0000000703200000| Untracked 
|  13|0x0000000703400000, 0x0000000703400000, 0x0000000703600000|  0%| F|  |TAMS 0x0000000703400000, 0x0000000703400000| Untracked 
|  14|0x0000000703600000, 0x0000000703600000, 0x0000000703800000|  0%| F|  |TAMS 0x0000000703600000, 0x0000000703600000| Untracked 
|  15|0x0000000703800000, 0x0000000703927380, 0x0000000703a00000| 57%| S|CS|TAMS 0x0000000703800000, 0x0000000703800000| Complete 
|  16|0x0000000703a00000, 0x0000000703a00000, 0x0000000703c00000|  0%| F|  |TAMS 0x0000000703a00000, 0x0000000703a00000| Untracked 
|  17|0x0000000703c00000, 0x0000000703c00000, 0x0000000703e00000|  0%| F|  |TAMS 0x0000000703c00000, 0x0000000703c00000| Untracked 
|  18|0x0000000703e00000, 0x0000000703e00000, 0x0000000704000000|  0%| F|  |TAMS 0x0000000703e00000, 0x0000000703e00000| Untracked 
|  19|0x0000000704000000, 0x0000000704000000, 0x0000000704200000|  0%| F|  |TAMS 0x0000000704000000, 0x0000000704000000| Untracked 
|  20|0x0000000704200000, 0x0000000704200000, 0x0000000704400000|  0%| F|  |TAMS 0x0000000704200000, 0x0000000704200000| Untracked 
|  21|0x0000000704400000, 0x0000000704400000, 0x0000000704600000|  0%| F|  |TAMS 0x0000000704400000, 0x0000000704400000| Untracked 
|  22|0x0000000704600000, 0x0000000704600000, 0x0000000704800000|  0%| F|  |TAMS 0x0000000704600000, 0x0000000704600000| Untracked 
|  23|0x0000000704800000, 0x0000000704800000, 0x0000000704a00000|  0%| F|  |TAMS 0x0000000704800000, 0x0000000704800000| Untracked 
|  24|0x0000000704a00000, 0x0000000704a00000, 0x0000000704c00000|  0%| F|  |TAMS 0x0000000704a00000, 0x0000000704a00000| Untracked 
|  25|0x0000000704c00000, 0x0000000704c00000, 0x0000000704e00000|  0%| F|  |TAMS 0x0000000704c00000, 0x0000000704c00000| Untracked 
|  26|0x0000000704e00000, 0x0000000704e00000, 0x0000000705000000|  0%| F|  |TAMS 0x0000000704e00000, 0x0000000704e00000| Untracked 
|  27|0x0000000705000000, 0x0000000705000000, 0x0000000705200000|  0%| F|  |TAMS 0x0000000705000000, 0x0000000705000000| Untracked 
|  28|0x0000000705200000, 0x0000000705200000, 0x0000000705400000|  0%| F|  |TAMS 0x0000000705200000, 0x0000000705200000| Untracked 
|  29|0x0000000705400000, 0x0000000705400000, 0x0000000705600000|  0%| F|  |TAMS 0x0000000705400000, 0x0000000705400000| Untracked 
|  30|0x0000000705600000, 0x0000000705600000, 0x0000000705800000|  0%| F|  |TAMS 0x0000000705600000, 0x0000000705600000| Untracked 
|  31|0x0000000705800000, 0x0000000705800000, 0x0000000705a00000|  0%| F|  |TAMS 0x0000000705800000, 0x0000000705800000| Untracked 
|  32|0x0000000705a00000, 0x0000000705a00000, 0x0000000705c00000|  0%| F|  |TAMS 0x0000000705a00000, 0x0000000705a00000| Untracked 
|  33|0x0000000705c00000, 0x0000000705c00000, 0x0000000705e00000|  0%| F|  |TAMS 0x0000000705c00000, 0x0000000705c00000| Untracked 
|  34|0x0000000705e00000, 0x0000000705e00000, 0x0000000706000000|  0%| F|  |TAMS 0x0000000705e00000, 0x0000000705e00000| Untracked 
|  35|0x0000000706000000, 0x0000000706000000, 0x0000000706200000|  0%| F|  |TAMS 0x0000000706000000, 0x0000000706000000| Untracked 
|  36|0x0000000706200000, 0x0000000706200000, 0x0000000706400000|  0%| F|  |TAMS 0x0000000706200000, 0x0000000706200000| Untracked 
|  37|0x0000000706400000, 0x0000000706400000, 0x0000000706600000|  0%| F|  |TAMS 0x0000000706400000, 0x0000000706400000| Untracked 
|  38|0x0000000706600000, 0x0000000706600000, 0x0000000706800000|  0%| F|  |TAMS 0x0000000706600000, 0x0000000706600000| Untracked 
|  39|0x0000000706800000, 0x0000000706800000, 0x0000000706a00000|  0%| F|  |TAMS 0x0000000706800000, 0x0000000706800000| Untracked 
|  40|0x0000000706a00000, 0x0000000706a00000, 0x0000000706c00000|  0%| F|  |TAMS 0x0000000706a00000, 0x0000000706a00000| Untracked 
|  41|0x0000000706c00000, 0x0000000706c00000, 0x0000000706e00000|  0%| F|  |TAMS 0x0000000706c00000, 0x0000000706c00000| Untracked 
|  42|0x0000000706e00000, 0x0000000706e00000, 0x0000000707000000|  0%| F|  |TAMS 0x0000000706e00000, 0x0000000706e00000| Untracked 
|  43|0x0000000707000000, 0x0000000707000000, 0x0000000707200000|  0%| F|  |TAMS 0x0000000707000000, 0x0000000707000000| Untracked 
|  44|0x0000000707200000, 0x0000000707200000, 0x0000000707400000|  0%| F|  |TAMS 0x0000000707200000, 0x0000000707200000| Untracked 
|  45|0x0000000707400000, 0x0000000707400000, 0x0000000707600000|  0%| F|  |TAMS 0x0000000707400000, 0x0000000707400000| Untracked 
|  46|0x0000000707600000, 0x0000000707600000, 0x0000000707800000|  0%| F|  |TAMS 0x0000000707600000, 0x0000000707600000| Untracked 
|  47|0x0000000707800000, 0x0000000707800000, 0x0000000707a00000|  0%| F|  |TAMS 0x0000000707800000, 0x0000000707800000| Untracked 
|  48|0x0000000707a00000, 0x0000000707a00000, 0x0000000707c00000|  0%| F|  |TAMS 0x0000000707a00000, 0x0000000707a00000| Untracked 
|  49|0x0000000707c00000, 0x0000000707c00000, 0x0000000707e00000|  0%| F|  |TAMS 0x0000000707c00000, 0x0000000707c00000| Untracked 
|  50|0x0000000707e00000, 0x0000000707e00000, 0x0000000708000000|  0%| F|  |TAMS 0x0000000707e00000, 0x0000000707e00000| Untracked 
|  51|0x0000000708000000, 0x0000000708000000, 0x0000000708200000|  0%| F|  |TAMS 0x0000000708000000, 0x0000000708000000| Untracked 
|  52|0x0000000708200000, 0x0000000708200000, 0x0000000708400000|  0%| F|  |TAMS 0x0000000708200000, 0x0000000708200000| Untracked 
|  53|0x0000000708400000, 0x0000000708400000, 0x0000000708600000|  0%| F|  |TAMS 0x0000000708400000, 0x0000000708400000| Untracked 
|  54|0x0000000708600000, 0x0000000708600000, 0x0000000708800000|  0%| F|  |TAMS 0x0000000708600000, 0x0000000708600000| Untracked 
|  55|0x0000000708800000, 0x0000000708800000, 0x0000000708a00000|  0%| F|  |TAMS 0x0000000708800000, 0x0000000708800000| Untracked 
|  56|0x0000000708a00000, 0x0000000708a00000, 0x0000000708c00000|  0%| F|  |TAMS 0x0000000708a00000, 0x0000000708a00000| Untracked 
|  57|0x0000000708c00000, 0x0000000708c00000, 0x0000000708e00000|  0%| F|  |TAMS 0x0000000708c00000, 0x0000000708c00000| Untracked 
|  58|0x0000000708e00000, 0x0000000708e00000, 0x0000000709000000|  0%| F|  |TAMS 0x0000000708e00000, 0x0000000708e00000| Untracked 
|  59|0x0000000709000000, 0x0000000709000000, 0x0000000709200000|  0%| F|  |TAMS 0x0000000709000000, 0x0000000709000000| Untracked 
|  60|0x0000000709200000, 0x0000000709200000, 0x0000000709400000|  0%| F|  |TAMS 0x0000000709200000, 0x0000000709200000| Untracked 
|  61|0x0000000709400000, 0x0000000709400800, 0x0000000709600000|  0%| E|  |TAMS 0x0000000709400000, 0x0000000709400000| Complete 
|  62|0x0000000709600000, 0x0000000709800000, 0x0000000709800000|100%| E|CS|TAMS 0x0000000709600000, 0x0000000709600000| Complete 
|  63|0x0000000709800000, 0x0000000709a00000, 0x0000000709a00000|100%| E|CS|TAMS 0x0000000709800000, 0x0000000709800000| Complete 
|  64|0x0000000709a00000, 0x0000000709c00000, 0x0000000709c00000|100%| E|CS|TAMS 0x0000000709a00000, 0x0000000709a00000| Complete 
|  65|0x0000000709c00000, 0x0000000709e00000, 0x0000000709e00000|100%| E|CS|TAMS 0x0000000709c00000, 0x0000000709c00000| Complete 
|  66|0x0000000709e00000, 0x000000070a000000, 0x000000070a000000|100%| E|CS|TAMS 0x0000000709e00000, 0x0000000709e00000| Complete 
|  67|0x000000070a000000, 0x000000070a200000, 0x000000070a200000|100%| E|CS|TAMS 0x000000070a000000, 0x000000070a000000| Complete 
|  68|0x000000070a200000, 0x000000070a400000, 0x000000070a400000|100%| E|CS|TAMS 0x000000070a200000, 0x000000070a200000| Complete 
|  69|0x000000070a400000, 0x000000070a600000, 0x000000070a600000|100%| E|CS|TAMS 0x000000070a400000, 0x000000070a400000| Complete 
|  70|0x000000070a600000, 0x000000070a800000, 0x000000070a800000|100%| E|CS|TAMS 0x000000070a600000, 0x000000070a600000| Complete 
|  71|0x000000070a800000, 0x000000070aa00000, 0x000000070aa00000|100%| E|CS|TAMS 0x000000070a800000, 0x000000070a800000| Complete 
| 112|0x000000070fa00000, 0x000000070fc00000, 0x000000070fc00000|100%| E|CS|TAMS 0x000000070fa00000, 0x000000070fa00000| Complete 
| 113|0x000000070fc00000, 0x000000070fe00000, 0x000000070fe00000|100%| E|CS|TAMS 0x000000070fc00000, 0x000000070fc00000| Complete 

Card table byte_map: [0x00000237f1a30000,0x00000237f2230000] _byte_map_base: 0x00000237ee223000

Marking Bits (Prev, Next): (CMBitMap*) 0x00000237debd91a0, (CMBitMap*) 0x00000237debd9160
 Prev Bits: [0x00000237f69d0000, 0x00000237fa968000)
 Next Bits: [0x00000237f2a30000, 0x00000237f69c8000)

Polling page: 0x00000237de320000

Metaspace:

Usage:
  Non-class:     29.88 MB used.
      Class:      3.75 MB used.
       Both:     33.63 MB used.

Virtual space:
  Non-class space:       64.00 MB reserved,      30.06 MB ( 47%) committed,  1 nodes.
      Class space:        1.00 GB reserved,       3.94 MB ( <1%) committed,  1 nodes.
             Both:        1.06 GB reserved,      34.00 MB (  3%) committed. 

Chunk freelists:
   Non-Class:  1.15 MB
       Class:  12.04 MB
        Both:  13.20 MB

MaxMetaspaceSize: unlimited
CompressedClassSpaceSize: 1.00 GB
Initial GC threshold: 21.00 MB
Current GC threshold: 35.12 MB
CDS: off
MetaspaceReclaimPolicy: balanced
 - commit_granule_bytes: 65536.
 - commit_granule_words: 8192.
 - virtual_space_node_default_size: 8388608.
 - enlarge_chunks_in_place: 1.
 - new_chunks_are_fully_committed: 0.
 - uncommit_free_chunks: 1.
 - use_allocation_guard: 0.
 - handle_deallocations: 1.


Internal statistics:

num_allocs_failed_limit: 3.
num_arena_births: 420.
num_arena_deaths: 0.
num_vsnodes_births: 2.
num_vsnodes_deaths: 0.
num_space_committed: 544.
num_space_uncommitted: 0.
num_chunks_returned_to_freelist: 3.
num_chunks_taken_from_freelist: 1192.
num_chunk_merges: 3.
num_chunk_splits: 742.
num_chunks_enlarged: 481.
num_inconsistent_stats: 0.

CodeHeap 'non-profiled nmethods': size=120000Kb used=1484Kb max_used=1484Kb free=118515Kb
 bounds [0x00000237e9d00000, 0x00000237e9f70000, 0x00000237f1230000]
CodeHeap 'profiled nmethods': size=120000Kb used=6846Kb max_used=6846Kb free=113153Kb
 bounds [0x00000237e2230000, 0x00000237e28e0000, 0x00000237e9760000]
CodeHeap 'non-nmethods': size=5760Kb used=1280Kb max_used=1333Kb free=4479Kb
 bounds [0x00000237e9760000, 0x00000237e99d0000, 0x00000237e9d00000]
 total_blobs=3907 nmethods=3310 adapters=509
 compilation: enabled
              stopped_count=0, restarted_count=0
 full_count=0

Compilation events (20 events):
Event: 6.618 Thread 0x00000237fcf35df0 3306       1       org.testng.shaded.com.google.gson.reflect.TypeToken::hashCode (5 bytes)
Event: 6.618 Thread 0x00000237fcf35df0 nmethod 3306 0x00000237e9e6ce90 code [0x00000237e9e6d020, 0x00000237e9e6d0f8]
Event: 6.619 Thread 0x00000237fcf35df0 3307       3       java.lang.Class::isLocalOrAnonymousClass (5 bytes)
Event: 6.619 Thread 0x00000237fcf35df0 nmethod 3307 0x00000237e28dc990 code [0x00000237e28dcb40, 0x00000237e28dcd38]
Event: 6.619 Thread 0x00000237fcf35df0 3308       3       java.lang.Class::hasEnclosingMethodInfo (17 bytes)
Event: 6.619 Thread 0x00000237fcf35df0 nmethod 3308 0x00000237e28dce10 code [0x00000237e28dcfc0, 0x00000237e28dd198]
Event: 6.619 Thread 0x00000237fcf35df0 3309   !   3       java.io.BufferedWriter::write (55 bytes)
Event: 6.620 Thread 0x00000237fcf35df0 nmethod 3309 0x00000237e28dd290 code [0x00000237e28dd460, 0x00000237e28dd898]
Event: 6.623 Thread 0x00000237fcf35df0 3311       3       org.openqa.selenium.json.JsonOutput::lambda$asString$34 (37 bytes)
Event: 6.624 Thread 0x00000237fcf35df0 nmethod 3311 0x00000237e28ddb10 code [0x00000237e28ddd20, 0x00000237e28de488]
Event: 6.624 Thread 0x00000237fe7e7040 3300       4       sun.reflect.annotation.AnnotationInvocationHandler::memberValueToString (375 bytes)
Event: 6.624 Thread 0x00000237fcf35df0 3312       3       java.util.TreeMap$KeyIterator::next (8 bytes)
Event: 6.625 Thread 0x00000237fcf35df0 nmethod 3312 0x00000237e28de790 code [0x00000237e28de940, 0x00000237e28dea88]
Event: 6.625 Thread 0x00000237fcf35df0 3313       3       java.lang.invoke.VarHandleReferences$FieldInstanceReadWrite::set (35 bytes)
Event: 6.625 Thread 0x00000237fcf35df0 nmethod 3313 0x00000237e28deb90 code [0x00000237e28dedc0, 0x00000237e28df608]
Event: 6.758 Thread 0x00000237fcf34c90 nmethod 3283 0x00000237e9e6d190 code [0x00000237e9e6d420, 0x00000237e9e70f20]
Event: 6.759 Thread 0x00000237fcf34c90 3310       4       java.lang.Object::equals (11 bytes)
Event: 6.759 Thread 0x00000237fcf34c90 nmethod 3310 0x00000237e9e72610 code [0x00000237e9e72780, 0x00000237e9e72818]
Event: 6.759 Thread 0x00000237fcf34c90 3299       4       java.util.stream.AbstractPipeline::evaluate (94 bytes)
Event: 6.767 Thread 0x00000237fcf34c90 nmethod 3299 0x00000237e9e72910 code [0x00000237e9e72ae0, 0x00000237e9e72f68]

GC Heap History (16 events):
Event: 0.767 GC heap before
{Heap before GC invocations=0 (full 0):
 garbage-first heap   total 262144K, used 10240K [0x0000000701a00000, 0x0000000800000000)
  region size 2048K, 6 young (12288K), 0 survivors (0K)
 Metaspace       used 9101K, committed 9216K, reserved 1114112K
  class space    used 806K, committed 896K, reserved 1048576K
}
Event: 0.771 GC heap after
{Heap after GC invocations=1 (full 0):
 garbage-first heap   total 262144K, used 6520K [0x0000000701a00000, 0x0000000800000000)
  region size 2048K, 1 young (2048K), 1 survivors (2048K)
 Metaspace       used 9101K, committed 9216K, reserved 1114112K
  class space    used 806K, committed 896K, reserved 1048576K
}
Event: 1.170 GC heap before
{Heap before GC invocations=1 (full 0):
 garbage-first heap   total 262144K, used 16760K [0x0000000701a00000, 0x0000000800000000)
  region size 2048K, 6 young (12288K), 1 survivors (2048K)
 Metaspace       used 11787K, committed 11968K, reserved 1114112K
  class space    used 1179K, committed 1280K, reserved 1048576K
}
Event: 1.173 GC heap after
{Heap after GC invocations=2 (full 0):
 garbage-first heap   total 262144K, used 7033K [0x0000000701a00000, 0x0000000800000000)
  region size 2048K, 1 young (2048K), 1 survivors (2048K)
 Metaspace       used 11787K, committed 11968K, reserved 1114112K
  class space    used 1179K, committed 1280K, reserved 1048576K
}
Event: 2.567 GC heap before
{Heap before GC invocations=2 (full 0):
 garbage-first heap   total 262144K, used 31609K [0x0000000701a00000, 0x0000000800000000)
  region size 2048K, 14 young (28672K), 1 survivors (2048K)
 Metaspace       used 21300K, committed 21504K, reserved 1114112K
  class space    used 2232K, committed 2304K, reserved 1048576K
}
Event: 2.572 GC heap after
{Heap after GC invocations=3 (full 0):
 garbage-first heap   total 262144K, used 9641K [0x0000000701a00000, 0x0000000800000000)
  region size 2048K, 2 young (4096K), 2 survivors (4096K)
 Metaspace       used 21300K, committed 21504K, reserved 1114112K
  class space    used 2232K, committed 2304K, reserved 1048576K
}
Event: 3.268 GC heap before
{Heap before GC invocations=4 (full 0):
 garbage-first heap   total 40960K, used 26025K [0x0000000701a00000, 0x0000000800000000)
  region size 2048K, 11 young (22528K), 2 survivors (4096K)
 Metaspace       used 24169K, committed 24512K, reserved 1114112K
  class space    used 2544K, committed 2688K, reserved 1048576K
}
Event: 3.273 GC heap after
{Heap after GC invocations=5 (full 0):
 garbage-first heap   total 40960K, used 10561K [0x0000000701a00000, 0x0000000800000000)
  region size 2048K, 1 young (2048K), 1 survivors (2048K)
 Metaspace       used 24169K, committed 24512K, reserved 1114112K
  class space    used 2544K, committed 2688K, reserved 1048576K
}
Event: 3.395 GC heap before
{Heap before GC invocations=5 (full 0):
 garbage-first heap   total 40960K, used 12609K [0x0000000701a00000, 0x0000000800000000)
  region size 2048K, 2 young (4096K), 1 survivors (2048K)
 Metaspace       used 25356K, committed 25664K, reserved 1114112K
  class space    used 2676K, committed 2816K, reserved 1048576K
}
Event: 3.398 GC heap after
{Heap after GC invocations=6 (full 0):
 garbage-first heap   total 40960K, used 11253K [0x0000000701a00000, 0x0000000800000000)
  region size 2048K, 1 young (2048K), 1 survivors (2048K)
 Metaspace       used 25356K, committed 25664K, reserved 1114112K
  class space    used 2676K, committed 2816K, reserved 1048576K
}
Event: 3.871 GC heap before
{Heap before GC invocations=6 (full 0):
 garbage-first heap   total 40960K, used 25589K [0x0000000701a00000, 0x0000000800000000)
  region size 2048K, 8 young (16384K), 1 survivors (2048K)
 Metaspace       used 27558K, committed 27904K, reserved 1114112K
  class space    used 2920K, committed 3072K, reserved 1048576K
}
Event: 3.877 GC heap after
{Heap after GC invocations=7 (full 0):
 garbage-first heap   total 40960K, used 14200K [0x0000000701a00000, 0x0000000800000000)
  region size 2048K, 1 young (2048K), 1 survivors (2048K)
 Metaspace       used 27558K, committed 27904K, reserved 1114112K
  class space    used 2920K, committed 3072K, reserved 1048576K
}
Event: 4.035 GC heap before
{Heap before GC invocations=7 (full 0):
 garbage-first heap   total 40960K, used 26488K [0x0000000701a00000, 0x0000000800000000)
  region size 2048K, 7 young (14336K), 1 survivors (2048K)
 Metaspace       used 27745K, committed 28096K, reserved 1114112K
  class space    used 2920K, committed 3072K, reserved 1048576K
}
Event: 4.041 GC heap after
{Heap after GC invocations=8 (full 0):
 garbage-first heap   total 40960K, used 17202K [0x0000000701a00000, 0x0000000800000000)
  region size 2048K, 1 young (2048K), 1 survivors (2048K)
 Metaspace       used 27745K, committed 28096K, reserved 1114112K
  class space    used 2920K, committed 3072K, reserved 1048576K
}
Event: 4.451 GC heap before
{Heap before GC invocations=8 (full 0):
 garbage-first heap   total 40960K, used 25394K [0x0000000701a00000, 0x0000000800000000)
  region size 2048K, 5 young (10240K), 1 survivors (2048K)
 Metaspace       used 29955K, committed 30272K, reserved 1114112K
  class space    used 3219K, committed 3392K, reserved 1048576K
}
Event: 4.455 GC heap after
{Heap after GC invocations=9 (full 0):
 garbage-first heap   total 151552K, used 18561K [0x0000000701a00000, 0x0000000800000000)
  region size 2048K, 1 young (2048K), 1 survivors (2048K)
 Metaspace       used 29955K, committed 30272K, reserved 1114112K
  class space    used 3219K, committed 3392K, reserved 1048576K
}

Dll operation events (9 events):
Event: 0.013 Loaded shared library C:\Users\HAVE A NICE DAY\.p2\pool\plugins\org.eclipse.justj.openjdk.hotspot.jre.full.win32.x86_64_17.0.9.v20231028-0858\jre\bin\java.dll
Event: 0.207 Loaded shared library C:\Users\HAVE A NICE DAY\.p2\pool\plugins\org.eclipse.justj.openjdk.hotspot.jre.full.win32.x86_64_17.0.9.v20231028-0858\jre\bin\net.dll
Event: 0.209 Loaded shared library C:\Users\HAVE A NICE DAY\.p2\pool\plugins\org.eclipse.justj.openjdk.hotspot.jre.full.win32.x86_64_17.0.9.v20231028-0858\jre\bin\nio.dll
Event: 0.223 Loaded shared library C:\Users\HAVE A NICE DAY\.p2\pool\plugins\org.eclipse.justj.openjdk.hotspot.jre.full.win32.x86_64_17.0.9.v20231028-0858\jre\bin\zip.dll
Event: 0.389 Loaded shared library C:\Users\HAVE A NICE DAY\.p2\pool\plugins\org.eclipse.justj.openjdk.hotspot.jre.full.win32.x86_64_17.0.9.v20231028-0858\jre\bin\jimage.dll
Event: 1.134 Loaded shared library C:\Users\HAVE A NICE DAY\.p2\pool\plugins\org.eclipse.justj.openjdk.hotspot.jre.full.win32.x86_64_17.0.9.v20231028-0858\jre\bin\management.dll
Event: 1.143 Loaded shared library C:\Users\HAVE A NICE DAY\.p2\pool\plugins\org.eclipse.justj.openjdk.hotspot.jre.full.win32.x86_64_17.0.9.v20231028-0858\jre\bin\management_ext.dll
Event: 3.698 Loaded shared library C:\Users\HAVE A NICE DAY\.p2\pool\plugins\org.eclipse.justj.openjdk.hotspot.jre.full.win32.x86_64_17.0.9.v20231028-0858\jre\bin\verify.dll
Event: 4.428 Loaded shared library C:\Users\HAVE A NICE DAY\.p2\pool\plugins\org.eclipse.justj.openjdk.hotspot.jre.full.win32.x86_64_17.0.9.v20231028-0858\jre\bin\sunmscapi.dll

Deoptimization events (20 events):
Event: 4.830 Thread 0x00000237dcadd7a0 DEOPT PACKING pc=0x00000237e9def924 sp=0x000000ec2b1fd2a0
Event: 4.830 Thread 0x00000237dcadd7a0 DEOPT UNPACKING pc=0x00000237e97b69a3 sp=0x000000ec2b1fd190 mode 2
Event: 6.126 Thread 0x00000237dcadd7a0 DEOPT PACKING pc=0x00000237e270e2c2 sp=0x000000ec2b1fc050
Event: 6.126 Thread 0x00000237dcadd7a0 DEOPT UNPACKING pc=0x00000237e97b7143 sp=0x000000ec2b1fb560 mode 0
Event: 6.141 Thread 0x00000237dcadd7a0 Uncommon trap: trap_request=0xffffff45 fr.pc=0x00000237e9dfcffc relative=0x00000000000011dc
Event: 6.141 Thread 0x00000237dcadd7a0 Uncommon trap: reason=unstable_if action=reinterpret pc=0x00000237e9dfcffc method=java.util.concurrent.ConcurrentHashMap.putVal(Ljava/lang/Object;Ljava/lang/Object;Z)Ljava/lang/Object; @ 231 c2
Event: 6.141 Thread 0x00000237dcadd7a0 DEOPT PACKING pc=0x00000237e9dfcffc sp=0x000000ec2b1fd4b0
Event: 6.141 Thread 0x00000237dcadd7a0 DEOPT UNPACKING pc=0x00000237e97b69a3 sp=0x000000ec2b1fd420 mode 2
Event: 6.560 Thread 0x00000237dcadd7a0 Uncommon trap: trap_request=0xffffff45 fr.pc=0x00000237e9db26f0 relative=0x0000000000006830
Event: 6.560 Thread 0x00000237dcadd7a0 Uncommon trap: reason=unstable_if action=reinterpret pc=0x00000237e9db26f0 method=jdk.internal.org.objectweb.asm.Frame.execute(IILjdk/internal/org/objectweb/asm/Symbol;Ljdk/internal/org/objectweb/asm/SymbolTable;)V @ 1 c2
Event: 6.560 Thread 0x00000237dcadd7a0 DEOPT PACKING pc=0x00000237e9db26f0 sp=0x000000ec2b1fd120
Event: 6.560 Thread 0x00000237dcadd7a0 DEOPT UNPACKING pc=0x00000237e97b69a3 sp=0x000000ec2b1fd0d8 mode 2
Event: 6.561 Thread 0x00000237dcadd7a0 Uncommon trap: trap_request=0xffffff45 fr.pc=0x00000237e9e42ba4 relative=0x0000000000005564
Event: 6.561 Thread 0x00000237dcadd7a0 Uncommon trap: reason=unstable_if action=reinterpret pc=0x00000237e9e42ba4 method=java.lang.invoke.MethodType.makeImpl(Ljava/lang/Class;[Ljava/lang/Class;Z)Ljava/lang/invoke/MethodType; @ 47 c2
Event: 6.561 Thread 0x00000237dcadd7a0 DEOPT PACKING pc=0x00000237e9e42ba4 sp=0x000000ec2b1fd0d0
Event: 6.561 Thread 0x00000237dcadd7a0 DEOPT UNPACKING pc=0x00000237e97b69a3 sp=0x000000ec2b1fd110 mode 2
Event: 6.618 Thread 0x00000237dcadd7a0 Uncommon trap: trap_request=0xffffff45 fr.pc=0x00000237e9d7692c relative=0x00000000000001ec
Event: 6.618 Thread 0x00000237dcadd7a0 Uncommon trap: reason=unstable_if action=reinterpret pc=0x00000237e9d7692c method=java.util.HashMap.getNode(Ljava/lang/Object;)Ljava/util/HashMap$Node; @ 66 c2
Event: 6.618 Thread 0x00000237dcadd7a0 DEOPT PACKING pc=0x00000237e9d7692c sp=0x000000ec2b1fddc0
Event: 6.618 Thread 0x00000237dcadd7a0 DEOPT UNPACKING pc=0x00000237e97b69a3 sp=0x000000ec2b1fdce0 mode 2

Classes unloaded (0 events):
No events

Classes redefined (0 events):
No events

Internal exceptions (20 events):
Event: 4.580 Thread 0x00000237dcadd7a0 Exception <a 'java/lang/NoSuchMethodError'{0x000000070fa8a400}: 'java.lang.Object java.lang.invoke.DirectMethodHandle$Holder.invokeStaticInit(java.lang.Object, java.lang.Object, long, java.lang.Object)'> (0x000000070fa8a400) 
thrown [s\src\hotspot\share\interpreter\linkResolver.cpp, line 759]
Event: 4.581 Thread 0x00000237dcadd7a0 Exception <a 'java/lang/NoSuchMethodError'{0x000000070fa90730}: 'java.lang.Object java.lang.invoke.DirectMethodHandle$Holder.newInvokeSpecial(java.lang.Object, java.lang.Object, long)'> (0x000000070fa90730) 
thrown [s\src\hotspot\share\interpreter\linkResolver.cpp, line 759]
Event: 4.603 Thread 0x00000237ff733fa0 Exception <a 'java/net/ConnectException'{0x000000070a807ad0}: Connection refused: no further information> (0x000000070a807ad0) 
thrown [s\src\hotspot\share\prims\jni.cpp, line 535]
Event: 4.603 Thread 0x00000237ff733fa0 Exception <a 'java/net/SocketException'{0x000000070a807e08}: Socket is not connected: shutdown> (0x000000070a807e08) 
thrown [s\src\hotspot\share\prims\jni.cpp, line 535]
Event: 4.621 Thread 0x00000237ff733fa0 Exception <a 'java/net/ConnectException'{0x000000070a808d80}: Connection refused: no further information> (0x000000070a808d80) 
thrown [s\src\hotspot\share\prims\jni.cpp, line 535]
Event: 4.621 Thread 0x00000237ff733fa0 Exception <a 'java/net/SocketException'{0x000000070a8090b8}: Socket is not connected: shutdown> (0x000000070a8090b8) 
thrown [s\src\hotspot\share\prims\jni.cpp, line 535]
Event: 4.657 Thread 0x00000237ff733fa0 Exception <a 'java/net/ConnectException'{0x000000070a809f60}: Connection refused: no further information> (0x000000070a809f60) 
thrown [s\src\hotspot\share\prims\jni.cpp, line 535]
Event: 4.657 Thread 0x00000237ff733fa0 Exception <a 'java/net/SocketException'{0x000000070a80a298}: Socket is not connected: shutdown> (0x000000070a80a298) 
thrown [s\src\hotspot\share\prims\jni.cpp, line 535]
Event: 4.744 Thread 0x00000237dcadd7a0 Exception <a 'java/lang/NoSuchMethodError'{0x000000070a8ce130}: 'double java.lang.invoke.DirectMethodHandle$Holder.invokeVirtual(java.lang.Object, java.lang.Object)'> (0x000000070a8ce130) 
thrown [s\src\hotspot\share\interpreter\linkResolver.cpp, line 759]
Event: 4.745 Thread 0x00000237dcadd7a0 Exception <a 'java/lang/NoSuchMethodError'{0x000000070a8d48d8}: 'float java.lang.invoke.DirectMethodHandle$Holder.invokeVirtual(java.lang.Object, java.lang.Object)'> (0x000000070a8d48d8) 
thrown [s\src\hotspot\share\interpreter\linkResolver.cpp, line 759]
Event: 4.746 Thread 0x00000237dcadd7a0 Exception <a 'java/lang/NoSuchMethodError'{0x000000070a8dd8b8}: 'long java.lang.invoke.DirectMethodHandle$Holder.invokeVirtual(java.lang.Object, java.lang.Object)'> (0x000000070a8dd8b8) 
thrown [s\src\hotspot\share\interpreter\linkResolver.cpp, line 759]
Event: 4.794 Thread 0x00000237dcadd7a0 Exception <a 'java/lang/NoSuchMethodError'{0x000000070a9f4f58}: 'java.lang.Object java.lang.invoke.DirectMethodHandle$Holder.newInvokeSpecial(java.lang.Object, java.lang.Object, int, int)'> (0x000000070a9f4f58) 
thrown [s\src\hotspot\share\interpreter\linkResolver.cpp, line 759]
Event: 4.795 Thread 0x00000237dcadd7a0 Exception <a 'java/lang/NoSuchMethodError'{0x000000070a9ffca8}: 'void java.lang.invoke.DirectMethodHandle$Holder.invokeStatic(java.lang.Object, java.lang.Object, int)'> (0x000000070a9ffca8) 
thrown [s\src\hotspot\share\interpreter\linkResolver.cpp, line 759]
Event: 4.893 Thread 0x00000237ff736820 Exception <a 'java/lang/NoSuchMethodError'{0x000000070a502dd0}: 'java.lang.Object java.lang.invoke.DirectMethodHandle$Holder.invokeSpecial(java.lang.Object, java.lang.Object, java.lang.Object, java.lang.Object, int)'> (0x000000070a502dd0) 
thrown [s\src\hotspot\share\interpreter\linkResolver.cpp, line 759]
Event: 4.893 Thread 0x00000237ff736820 Exception <a 'java/lang/NoSuchMethodError'{0x000000070a506998}: 'java.lang.Object java.lang.invoke.Invokers$Holder.linkToTargetMethod(java.lang.Object, java.lang.Object, int, java.lang.Object)'> (0x000000070a506998) 
thrown [s\src\hotspot\share\interpreter\linkResolver.cpp, line 759]
Event: 4.924 Thread 0x00000237ff736820 Exception <a 'java/lang/NoSuchMethodError'{0x000000070a253be0}: 'void java.lang.invoke.DirectMethodHandle$Holder.invokeSpecial(java.lang.Object, java.lang.Object, java.lang.Object, java.lang.Object, java.lang.Object)'> (0x000000070a253be0) 
thrown [s\src\hotspot\share\interpreter\linkResolver.cpp, line 759]
Event: 5.996 Thread 0x00000237ff733a90 Exception <a 'java/lang/NoSuchMethodError'{0x000000070a17fb70}: 'java.lang.Object java.lang.invoke.DirectMethodHandle$Holder.newInvokeSpecial(java.lang.Object, java.lang.Object, long, java.lang.Object, java.lang.Object, java.lang.Object)'> (0x000000070a17fb70) 
thrown [s\src\hotspot\share\interpreter\linkResolver.cpp, line 759]
Event: 6.001 Thread 0x00000237ff733a90 Exception <a 'java/lang/NoSuchMethodError'{0x000000070a1a4c10}: 'void java.lang.invoke.DirectMethodHandle$Holder.invokeSpecial(java.lang.Object, java.lang.Object, java.lang.Object, java.lang.Object, java.lang.Object, java.lang.Object, java.lang.Object)'> (0x000000070a1a4c10) 
thrown [s\src\hotspot\share\interpreter\linkResolver.cpp, line 759]
Event: 6.021 Thread 0x00000237dcadd7a0 Exception <a 'java/lang/NoSuchMethodError'{0x0000000709e08c10}: 'java.lang.Object java.lang.invoke.DirectMethodHandle$Holder.invokeSpecialIFC(java.lang.Object, java.lang.Object, java.lang.Object)'> (0x0000000709e08c10) 
thrown [s\src\hotspot\share\interpreter\linkResolver.cpp, line 759]
Event: 6.357 Thread 0x00000237dcadd7a0 Exception <a 'java/lang/ClassNotFoundException'{0x00000007098bad98}: sun/util/logging/resources/spi/loggingProvider> (0x00000007098bad98) 
thrown [s\src\hotspot\share\classfile\systemDictionary.cpp, line 256]

VM Operations (20 events):
Event: 3.545 Executing VM operation: HandshakeAllThreads
Event: 3.545 Executing VM operation: HandshakeAllThreads done
Event: 3.871 Executing VM operation: G1CollectForAllocation
Event: 3.877 Executing VM operation: G1CollectForAllocation done
Event: 4.035 Executing VM operation: G1CollectForAllocation
Event: 4.041 Executing VM operation: G1CollectForAllocation done
Event: 4.451 Executing VM operation: G1CollectForAllocation
Event: 4.455 Executing VM operation: G1CollectForAllocation done
Event: 4.726 Executing VM operation: HandshakeAllThreads
Event: 4.726 Executing VM operation: HandshakeAllThreads done
Event: 4.727 Executing VM operation: HandshakeAllThreads
Event: 4.727 Executing VM operation: HandshakeAllThreads done
Event: 4.729 Executing VM operation: HandshakeAllThreads
Event: 4.729 Executing VM operation: HandshakeAllThreads done
Event: 5.745 Executing VM operation: Cleanup
Event: 5.745 Executing VM operation: Cleanup done
Event: 5.980 Executing VM operation: HandshakeAllThreads
Event: 5.980 Executing VM operation: HandshakeAllThreads done
Event: 6.557 Executing VM operation: HandshakeAllThreads
Event: 6.557 Executing VM operation: HandshakeAllThreads done

Events (20 events):
Event: 6.358 loading class sun/util/logging/resources/logging_en_IN done
Event: 6.358 loading class sun/util/logging/resources/logging_en_IN
Event: 6.358 loading class sun/util/logging/resources/logging_en_IN done
Event: 6.358 loading class java/util/Formatter$DateTime
Event: 6.358 loading class java/util/Formatter$DateTime done
Event: 6.358 loading class java/time/ZonedDateTime$1
Event: 6.358 loading class java/time/ZonedDateTime$1 done
Event: 6.358 loading class java/time/LocalDate$1
Event: 6.358 loading class java/time/LocalDate$1 done
Event: 6.359 loading class java/time/LocalTime$1
Event: 6.359 loading class java/time/LocalTime$1 done
Event: 6.564 loading class java/util/AbstractList$ListItr
Event: 6.564 loading class java/util/AbstractList$ListItr done
Event: 6.612 loading class java/util/concurrent/CountDownLatch
Event: 6.612 loading class java/util/concurrent/CountDownLatch done
Event: 6.612 loading class java/util/concurrent/CountDownLatch$Sync
Event: 6.612 loading class java/util/concurrent/CountDownLatch$Sync done
Event: 6.619 loading class jdk/internal/reflect/UnsafeLongFieldAccessorImpl
Event: 6.620 loading class jdk/internal/reflect/UnsafeLongFieldAccessorImpl done
Event: 6.624 Thread 0x00000237fe7e7040 Thread added: 0x00000237fe7e7040


Dynamic libraries:
0x00007ff6bc580000 - 0x00007ff6bc58e000 	C:\Users\HAVE A NICE DAY\.p2\pool\plugins\org.eclipse.justj.openjdk.hotspot.jre.full.win32.x86_64_17.0.9.v20231028-0858\jre\bin\javaw.exe
0x00007ff94d250000 - 0x00007ff94d448000 	C:\WINDOWS\SYSTEM32\ntdll.dll
0x00007ff94c210000 - 0x00007ff94c2d2000 	C:\WINDOWS\System32\KERNEL32.DLL
0x00007ff94aba0000 - 0x00007ff94ae96000 	C:\WINDOWS\System32\KERNELBASE.dll
0x00007ff94a8e0000 - 0x00007ff94a9e0000 	C:\WINDOWS\System32\ucrtbase.dll
0x00007ff9364a0000 - 0x00007ff9364bb000 	C:\Users\HAVE A NICE DAY\.p2\pool\plugins\org.eclipse.justj.openjdk.hotspot.jre.full.win32.x86_64_17.0.9.v20231028-0858\jre\bin\VCRUNTIME140.dll
0x00007ff93ac60000 - 0x00007ff93ac77000 	C:\Users\HAVE A NICE DAY\.p2\pool\plugins\org.eclipse.justj.openjdk.hotspot.jre.full.win32.x86_64_17.0.9.v20231028-0858\jre\bin\jli.dll
0x00007ff94c500000 - 0x00007ff94c6a1000 	C:\WINDOWS\System32\USER32.dll
0x00007ff92f750000 - 0x00007ff92f9eb000 	C:\WINDOWS\WinSxS\amd64_microsoft.windows.common-controls_6595b64144ccf1df_6.0.19041.6456_none_60b8a6cb71f64256\COMCTL32.dll
0x00007ff94aa90000 - 0x00007ff94aab2000 	C:\WINDOWS\System32\win32u.dll
0x00007ff94cc00000 - 0x00007ff94cc9e000 	C:\WINDOWS\System32\msvcrt.dll
0x00007ff94b470000 - 0x00007ff94b49b000 	C:\WINDOWS\System32\GDI32.dll
0x00007ff94b000000 - 0x00007ff94b119000 	C:\WINDOWS\System32\gdi32full.dll
0x00007ff94b1d0000 - 0x00007ff94b26d000 	C:\WINDOWS\System32\msvcp_win.dll
0x00007ff94b270000 - 0x00007ff94b29f000 	C:\WINDOWS\System32\IMM32.DLL
0x00007ff9422e0000 - 0x00007ff9422ec000 	C:\Users\HAVE A NICE DAY\.p2\pool\plugins\org.eclipse.justj.openjdk.hotspot.jre.full.win32.x86_64_17.0.9.v20231028-0858\jre\bin\vcruntime140_1.dll
0x00007ff915890000 - 0x00007ff91591d000 	C:\Users\HAVE A NICE DAY\.p2\pool\plugins\org.eclipse.justj.openjdk.hotspot.jre.full.win32.x86_64_17.0.9.v20231028-0858\jre\bin\msvcp140.dll
0x00007ff8e9090000 - 0x00007ff8e9cf1000 	C:\Users\HAVE A NICE DAY\.p2\pool\plugins\org.eclipse.justj.openjdk.hotspot.jre.full.win32.x86_64_17.0.9.v20231028-0858\jre\bin\server\jvm.dll
0x00007ff94b2a0000 - 0x00007ff94b351000 	C:\WINDOWS\System32\ADVAPI32.dll
0x00007ff94c130000 - 0x00007ff94c1cf000 	C:\WINDOWS\System32\sechost.dll
0x00007ff94b4a0000 - 0x00007ff94b5c0000 	C:\WINDOWS\System32\RPCRT4.dll
0x00007ff94a9e0000 - 0x00007ff94aa07000 	C:\WINDOWS\System32\bcrypt.dll
0x00007ff94a740000 - 0x00007ff94a78b000 	C:\WINDOWS\SYSTEM32\POWRPROF.dll
0x00007ff927e80000 - 0x00007ff927e89000 	C:\WINDOWS\SYSTEM32\WSOCK32.dll
0x00007ff94c340000 - 0x00007ff94c3ab000 	C:\WINDOWS\System32\WS2_32.dll
0x00007ff931ab0000 - 0x00007ff931ad7000 	C:\WINDOWS\SYSTEM32\WINMM.dll
0x00007ff941a40000 - 0x00007ff941a4a000 	C:\WINDOWS\SYSTEM32\VERSION.dll
0x00007ff94a720000 - 0x00007ff94a732000 	C:\WINDOWS\SYSTEM32\UMPDC.dll
0x00007ff9490b0000 - 0x00007ff9490c2000 	C:\WINDOWS\SYSTEM32\kernel.appcore.dll
0x00007ff909940000 - 0x00007ff90994a000 	C:\Users\HAVE A NICE DAY\.p2\pool\plugins\org.eclipse.justj.openjdk.hotspot.jre.full.win32.x86_64_17.0.9.v20231028-0858\jre\bin\jimage.dll
0x00007ff944fa0000 - 0x00007ff9451a1000 	C:\WINDOWS\SYSTEM32\DBGHELP.DLL
0x00007ff923f70000 - 0x00007ff923fa4000 	C:\WINDOWS\SYSTEM32\dbgcore.DLL
0x00007ff94ab10000 - 0x00007ff94ab92000 	C:\WINDOWS\System32\bcryptPrimitives.dll
0x00007ff8f1df0000 - 0x00007ff8f1e15000 	C:\Users\HAVE A NICE DAY\.p2\pool\plugins\org.eclipse.justj.openjdk.hotspot.jre.full.win32.x86_64_17.0.9.v20231028-0858\jre\bin\java.dll
0x00007ff8f1cf0000 - 0x00007ff8f1d08000 	C:\Users\HAVE A NICE DAY\.p2\pool\plugins\org.eclipse.justj.openjdk.hotspot.jre.full.win32.x86_64_17.0.9.v20231028-0858\jre\bin\zip.dll
0x00007ff94b9c0000 - 0x00007ff94c130000 	C:\WINDOWS\System32\SHELL32.dll
0x00007ff9457b0000 - 0x00007ff945f55000 	C:\WINDOWS\SYSTEM32\windows.storage.dll
0x00007ff94cca0000 - 0x00007ff94cff4000 	C:\WINDOWS\System32\combase.dll
0x00007ff94a150000 - 0x00007ff94a17b000 	C:\WINDOWS\SYSTEM32\Wldp.dll
0x00007ff94c3b0000 - 0x00007ff94c47d000 	C:\WINDOWS\System32\OLEAUT32.dll
0x00007ff94b6f0000 - 0x00007ff94b79d000 	C:\WINDOWS\System32\SHCORE.dll
0x00007ff94c2e0000 - 0x00007ff94c33b000 	C:\WINDOWS\System32\shlwapi.dll
0x00007ff94a810000 - 0x00007ff94a834000 	C:\WINDOWS\SYSTEM32\profapi.dll
0x00007ff8f1cd0000 - 0x00007ff8f1ce9000 	C:\Users\HAVE A NICE DAY\.p2\pool\plugins\org.eclipse.justj.openjdk.hotspot.jre.full.win32.x86_64_17.0.9.v20231028-0858\jre\bin\net.dll
0x00007ff93f450000 - 0x00007ff93f55a000 	C:\WINDOWS\SYSTEM32\WINHTTP.dll
0x00007ff949f30000 - 0x00007ff949f9a000 	C:\WINDOWS\system32\mswsock.dll
0x00007ff8f1cb0000 - 0x00007ff8f1cc6000 	C:\Users\HAVE A NICE DAY\.p2\pool\plugins\org.eclipse.justj.openjdk.hotspot.jre.full.win32.x86_64_17.0.9.v20231028-0858\jre\bin\nio.dll
0x00007ff943e80000 - 0x00007ff943e89000 	C:\Users\HAVE A NICE DAY\.p2\pool\plugins\org.eclipse.justj.openjdk.hotspot.jre.full.win32.x86_64_17.0.9.v20231028-0858\jre\bin\management.dll
0x00007ff943e40000 - 0x00007ff943e4b000 	C:\Users\HAVE A NICE DAY\.p2\pool\plugins\org.eclipse.justj.openjdk.hotspot.jre.full.win32.x86_64_17.0.9.v20231028-0858\jre\bin\management_ext.dll
0x00007ff94b5c0000 - 0x00007ff94b5c8000 	C:\WINDOWS\System32\PSAPI.DLL
0x00007ff8c24c0000 - 0x00007ff8c24d7000 	C:\WINDOWS\system32\napinsp.dll
0x00007ff8c24e0000 - 0x00007ff8c24fb000 	C:\WINDOWS\system32\pnrpnsp.dll
0x00007ff917be0000 - 0x00007ff917bfd000 	C:\WINDOWS\system32\wshbth.dll
0x00007ff942010000 - 0x00007ff94202d000 	C:\WINDOWS\system32\NLAapi.dll
0x00007ff949c30000 - 0x00007ff949c6b000 	C:\WINDOWS\SYSTEM32\IPHLPAPI.DLL
0x00007ff949c70000 - 0x00007ff949d3a000 	C:\WINDOWS\SYSTEM32\DNSAPI.dll
0x00007ff94c1d0000 - 0x00007ff94c1d8000 	C:\WINDOWS\System32\NSI.dll
0x00007ff8c2500000 - 0x00007ff8c2512000 	C:\WINDOWS\System32\winrnr.dll
0x00007ff93b010000 - 0x00007ff93b01a000 	C:\Windows\System32\rasadhlp.dll
0x00007ff93f120000 - 0x00007ff93f1a0000 	C:\WINDOWS\System32\fwpuclnt.dll
0x00007ff94a510000 - 0x00007ff94a528000 	C:\WINDOWS\SYSTEM32\CRYPTSP.dll
0x00007ff949870000 - 0x00007ff9498a8000 	C:\WINDOWS\system32\rsaenh.dll
0x00007ff94a790000 - 0x00007ff94a7be000 	C:\WINDOWS\SYSTEM32\USERENV.dll
0x00007ff94a0c0000 - 0x00007ff94a0cc000 	C:\WINDOWS\SYSTEM32\CRYPTBASE.dll
0x00007ff93f7e0000 - 0x00007ff93f7f7000 	C:\WINDOWS\SYSTEM32\dhcpcsvc6.DLL
0x00007ff93f790000 - 0x00007ff93f7ad000 	C:\WINDOWS\SYSTEM32\dhcpcsvc.DLL
0x00007ff9425f0000 - 0x00007ff942600000 	C:\Users\HAVE A NICE DAY\.p2\pool\plugins\org.eclipse.justj.openjdk.hotspot.jre.full.win32.x86_64_17.0.9.v20231028-0858\jre\bin\verify.dll
0x00007ff9425e0000 - 0x00007ff9425ee000 	C:\Users\HAVE A NICE DAY\.p2\pool\plugins\org.eclipse.justj.openjdk.hotspot.jre.full.win32.x86_64_17.0.9.v20231028-0858\jre\bin\sunmscapi.dll
0x00007ff94aea0000 - 0x00007ff94affd000 	C:\WINDOWS\System32\CRYPT32.dll
0x00007ff94a1c0000 - 0x00007ff94a1e7000 	C:\WINDOWS\SYSTEM32\ncrypt.dll
0x00007ff94a180000 - 0x00007ff94a1bb000 	C:\WINDOWS\SYSTEM32\NTASN1.dll
0x00007ff919a60000 - 0x00007ff919a67000 	C:\WINDOWS\system32\wshunix.dll

dbghelp: loaded successfully - version: 4.0.5 - missing functions: none
symbol engine: initialized successfully - sym options: 0x614 - pdb path: .;C:\Users\HAVE A NICE DAY\.p2\pool\plugins\org.eclipse.justj.openjdk.hotspot.jre.full.win32.x86_64_17.0.9.v20231028-0858\jre\bin;C:\WINDOWS\SYSTEM32;C:\WINDOWS\WinSxS\amd64_microsoft.windows.common-controls_6595b64144ccf1df_6.0.19041.6456_none_60b8a6cb71f64256;C:\Users\HAVE A NICE DAY\.p2\pool\plugins\org.eclipse.justj.openjdk.hotspot.jre.full.win32.x86_64_17.0.9.v20231028-0858\jre\bin\server

VM Arguments:
jvm_args: -ea -Dfile.encoding=UTF-8 -Dstdout.encoding=UTF-8 -Dstderr.encoding=UTF-8 -XX:+ShowCodeDetailsInExceptionMessages 
java_command: org.testng.remote.RemoteTestNG -serport 64863 -protocol json -d D:\Automation\MM_Project\Material_Management_Product\test-output D:\Automation\MM_Project\Material_Management_Product\TestNG xml files\Department\allappstesting.xml
java_class_path (initial): C:\Users\HAVE A NICE DAY\eclipse\jee-2023-093\eclipse\configuration\org.eclipse.osgi\1386\0\.cp\lib\testng-remote.jar;D:\Automation\MM_Project\Material_Management_Product\target\test-classes;D:\Automation\MM_Project\Material_Management_Product\target\classes;C:\Users\HAVE A NICE DAY\.p2\pool\plugins\org.testng_7.11.0.r202503091654.jar;C:\Users\HAVE A NICE DAY\.p2\pool\plugins\com.beust.jcommander_1.83.0.jar;C:\Users\HAVE A NICE DAY\.p2\pool\plugins\slf4j.api_2.0.17.jar;C:\Users\HAVE A NICE DAY\.p2\pool\plugins\org.yaml.snakeyaml_2.2.0.jar;C:\Users\HAVE A NICE DAY\.p2\pool\plugins\org.webjars.jquery_3.7.1.jar;C:\Users\HAVE A NICE DAY\Downloads\postgresql-42.7.9.jar;C:\Users\HAVE A NICE DAY\.m2\repository\org\seleniumhq\selenium\selenium-java\4.32.0\selenium-java-4.32.0.jar;C:\Users\HAVE A NICE DAY\.m2\repository\org\seleniumhq\selenium\selenium-api\4.32.0\selenium-api-4.32.0.jar;C:\Users\HAVE A NICE DAY\.m2\repository\org\jspecify\jspecify\1.0.0\jspecify-1.0.0.jar;C:\Users\HAVE A NICE DAY\.m2\repository\org\seleniumhq\selenium\selenium-chrome-driver\4.32.0\selenium-chrome-driver-4.32.0.jar;C:\Users\HAVE A NICE DAY\.m2\repository\com\google\auto\service\auto-service-annotations\1.1.1\auto-service-annotations-1.1.1.jar;C:\Users\HAVE A NICE DAY\.m2\repository\org\seleniumhq\selenium\selenium-chromium-driver\4.32.0\selenium-chromium-driver-4.32.0.jar;C:\Users\HAVE A NICE DAY\.m2\repository\org\seleniumhq\selenium\selenium-json\4.32.0\selenium-json-4.32.0.jar;C:\Users\HAVE A NICE DAY\.m2\repository\org\seleniumhq\selenium\selenium-manager\4.32.0\selenium-manager-4.32.0.jar;C:\Users\HAVE A NICE DAY\.m2\repository\org\seleniumhq\selenium\selenium-devtools-v134\4.32.0\selenium-devtools-v134-4.32.0.jar;C:\Users\HAVE A NICE DAY\.m2\repository\org\seleniumhq\selenium\selenium-devtools-v135\4.32.0\selenium-devtools-v135-4.32.0.jar;C:\Users\HAVE A NICE DAY\.m2\repository\org\seleniumhq\selenium\selenium-devtools-v136\4.32.0\selenium-devtools-v136-4.32
Launcher Type: SUN_STANDARD

[Global flags]
     intx CICompilerCount                          = 3                                         {product} {ergonomic}
     uint ConcGCThreads                            = 1                                         {product} {ergonomic}
     uint G1ConcRefinementThreads                  = 4                                         {product} {ergonomic}
   size_t G1HeapRegionSize                         = 2097152                                   {product} {ergonomic}
    uintx GCDrainStackTargetSize                   = 64                                        {product} {ergonomic}
   size_t InitialHeapSize                          = 268435456                                 {product} {ergonomic}
   size_t MarkStackSize                            = 4194304                                   {product} {ergonomic}
   size_t MaxHeapSize                              = 4267704320                                {product} {ergonomic}
   size_t MaxNewSize                               = 2560622592                                {product} {ergonomic}
   size_t MinHeapDeltaBytes                        = 2097152                                   {product} {ergonomic}
   size_t MinHeapSize                              = 8388608                                   {product} {ergonomic}
    uintx NonNMethodCodeHeapSize                   = 5832780                                {pd product} {ergonomic}
    uintx NonProfiledCodeHeapSize                  = 122912730                              {pd product} {ergonomic}
    uintx ProfiledCodeHeapSize                     = 122912730                              {pd product} {ergonomic}
    uintx ReservedCodeCacheSize                    = 251658240                              {pd product} {ergonomic}
     bool SegmentedCodeCache                       = true                                      {product} {ergonomic}
     bool ShowCodeDetailsInExceptionMessages       = true                                   {manageable} {command line}
   size_t SoftMaxHeapSize                          = 4267704320                             {manageable} {ergonomic}
     bool UseCompressedClassPointers               = true                           {product lp64_product} {ergonomic}
     bool UseCompressedOops                        = true                           {product lp64_product} {ergonomic}
     bool UseG1GC                                  = true                                      {product} {ergonomic}
     bool UseLargePagesIndividualAllocation        = false                                  {pd product} {ergonomic}

Logging:
Log output configuration:
 #0: stdout all=warning uptime,level,tags
 #1: stderr all=off uptime,level,tags

Environment Variables:
JAVA_HOME=C:\Program Files\Java\jdk-21
PATH=C:/Users/HAVE A NICE DAY/.p2/pool/plugins/org.eclipse.justj.openjdk.hotspot.jre.full.win32.x86_64_17.0.9.v20231028-0858/jre/bin/server;C:/Users/HAVE A NICE DAY/.p2/pool/plugins/org.eclipse.justj.openjdk.hotspot.jre.full.win32.x86_64_17.0.9.v20231028-0858/jre/bin;C:\Program Files\Java\jdk-21\bin;C:\Program Files\Java\jdk1.8.0_202\bin;C:\Users\HAVE A NICE DAY\Scripts\;C:\Program Files\Java\jdk-11\bin;C:\Users\HAVE A NICE DAY\;C:\Program Files\Java\jdk-21\bin;C:\Program Files\Docker\Docker\resources\bin;C:\Program Files\Common Files\Oracle\Java\javapath;C:\Program Files\nodejs;C:\Program Files\nodejs\node_modules;C:\Windows\System32;C:\Program Files\Git\cmd;C:\Program Files\Java\jdk-21\bin;C:\Program Files\Java\jdk1.8.0_202;C:\Users\HAVE A NICE DAY\AppData\Local\Microsoft\WindowsApps;C:\Users\HAVE A NICE DAY\AppData\Local\Programs\Microsoft VS Code\bin;C:\Program Files\Java\jdk-21\bin;C:\Users\HAVE A NICE DAY\AppData\Roaming\npm;C:\Users\HAVE A NICE DAY\AppData\Roaming\nvm;C:\Program Files\nodejs;C:\Users\HAVE A NICE DAY\AppData\Local\Programs\Antigravity\bin;C:\Users\HAVE A NICE DAY\AppData\Local\Python\bin;;C:\WINDOWS\System32;
USERNAME=HAVE A NICE DAY
OS=Windows_NT
PROCESSOR_IDENTIFIER=Intel64 Family 6 Model 142 Stepping 9, GenuineIntel
TMP=C:\Users\HAVEAN~1\AppData\Local\Temp
TEMP=C:\Users\HAVEAN~1\AppData\Local\Temp



Periodic native trim disabled


---------------  S Y S T E M  ---------------

OS:
 Windows 10 , 64 bit Build 19041 (10.0.19041.5915)
OS uptime: 3 days 19:22 hours
Hyper-V role detected

CPU: total 4 (initial active 4) (2 cores per cpu, 2 threads per core) family 6 model 142 stepping 9 microcode 0xb4, cx8, cmov, fxsr, ht, mmx, 3dnowpref, sse, sse2, sse3, ssse3, sse4.1, sse4.2, popcnt, lzcnt, tsc, tscinvbit, avx, avx2, aes, erms, clmul, bmi1, bmi2, adx, fma, vzeroupper, clflush, clflushopt, hv
Processor Information for all 4 processors :
  Max Mhz: 2712, Current Mhz: 2511, Mhz Limit: 2495

Memory: 4k page, system-wide physical 16275M (1578M free)
TotalPageFile size 36709M (AvailPageFile size 4M)
current process WorkingSet (physical memory assigned to process): 164M, peak: 165M
current process commit charge ("private bytes"): 287M, peak: 373M

vm_info: OpenJDK 64-Bit Server VM (17.0.9+9) for windows-amd64 JRE (17.0.9+9), built on Oct 26 2023 14:01:42 by "admin" with MS VC++ 16.10 / 16.11 (VS2019)

END.
